
SQL*Loader: Release 21.0.0.0.0 - Production on Mon Dec 1 01:06:08 2025
Version 21.3.0.0.0

Copyright (c) 1982, 2021, Oracle and/or its affiliates.  All rights reserved.

Control File:   load_ad_event_log.ctl
Data File:      evtx_data.csv
  Bad File:     evtx_data.bad
  Discard File: evtx_data.dsc 
 (Allow all discards)

Number to load: ALL
Number to skip: 0
Errors allowed: 50
Bind array:     250 rows, maximum of 1048576 bytes
Continuation:    none specified
Path used:      Conventional

Table AD_EVENT_LOG, loaded from every logical record.
Insert option in effect for this table: APPEND
TRAILING NULLCOLS option in effect

   Column Name                  Position   Len  Term Encl Datatype
------------------------------ ---------- ----- ---- ---- ---------------------
EVENT_RECORD_ID                     FIRST     *   ,  O(") CHARACTER            
EVENT_ID                             NEXT     *   ,  O(") CHARACTER            
EVENT_TIME_RAW                       NEXT     *   ,  O(") CHARACTER            
EVENT_TIME                           NEXT     *   ,  O(") CHARACTER            
COMPUTER                             NEXT     *   ,  O(") CHARACTER            
ACCOUNT_NAME                         NEXT     *   ,  O(") CHARACTER            
SUBJECT_USERNAME                     NEXT     *   ,  O(") CHARACTER            
TARGET_USERNAME                      NEXT     *   ,  O(") CHARACTER            
TARGET_USER_SID                      NEXT     *   ,  O(") CHARACTER            
IP_ADDRESS                           NEXT     *   ,  O(") CHARACTER            
IP_PORT                              NEXT     *   ,  O(") CHARACTER            
PROCESS_NAME                         NEXT     *   ,  O(") CHARACTER            
PROCESS_ID                           NEXT     *   ,  O(") CHARACTER            
EVTX_FILENAME                        NEXT     *   ,  O(") CHARACTER            
EVTX_TACTIC                          NEXT     *   ,  O(") CHARACTER            
AUTH_PACKAGE                         NEXT     *   ,  O(") CHARACTER            
RAW_EVENT_JSON                       NEXT     *   ,  O(") CHARACTER            
CREATED_AT                           NEXT     *   ,  O(") CHARACTER            

value used for ROWS parameter changed from 250 to 225
Record 1: Rejected - Error on table AD_EVENT_LOG, column EVENT_ID.
ORA-01722: invalid number

Record 2: Rejected - Error on table AD_EVENT_LOG, column EVENT_ID.
ORA-01722: invalid number

Record 3: Rejected - Error on table AD_EVENT_LOG, column EVENT_ID.
ORA-01722: invalid number

Record 4: Rejected - Error on table AD_EVENT_LOG, column EVENT_ID.
ORA-01722: invalid number

Record 5: Rejected - Error on table AD_EVENT_LOG, column EVENT_ID.
ORA-01722: invalid number

Record 6: Rejected - Error on table AD_EVENT_LOG, column EVENT_ID.
ORA-01722: invalid number

Record 7: Rejected - Error on table AD_EVENT_LOG, column EVENT_ID.
ORA-01722: invalid number

Record 8: Rejected - Error on table AD_EVENT_LOG, column EVENT_ID.
ORA-01722: invalid number

Record 9: Rejected - Error on table AD_EVENT_LOG, column EVENT_ID.
ORA-01722: invalid number

Record 10: Rejected - Error on table AD_EVENT_LOG, column EVENT_ID.
ORA-01722: invalid number

Record 11: Rejected - Error on table AD_EVENT_LOG, column EVENT_ID.
ORA-01722: invalid number

Record 12: Rejected - Error on table AD_EVENT_LOG, column EVENT_ID.
ORA-01722: invalid number

Record 13: Rejected - Error on table AD_EVENT_LOG, column EVENT_ID.
ORA-01722: invalid number

Record 14: Rejected - Error on table AD_EVENT_LOG, column EVENT_ID.
ORA-01722: invalid number

Record 15: Rejected - Error on table AD_EVENT_LOG, column EVENT_ID.
ORA-01722: invalid number

Record 16: Rejected - Error on table AD_EVENT_LOG, column EVENT_ID.
ORA-01722: invalid number

Record 17: Rejected - Error on table AD_EVENT_LOG, column EVENT_ID.
ORA-01722: invalid number

Record 18: Rejected - Error on table AD_EVENT_LOG, column EVENT_ID.
ORA-01722: invalid number

Record 19: Rejected - Error on table AD_EVENT_LOG, column EVENT_ID.
ORA-01722: invalid number

Record 20: Rejected - Error on table AD_EVENT_LOG, column EVENT_TIME.
ORA-01858: a non-numeric character was found where a numeric was expected

Record 21: Rejected - Error on table AD_EVENT_LOG, column EVENT_TIME.
ORA-01858: a non-numeric character was found where a numeric was expected

Record 22: Rejected - Error on table AD_EVENT_LOG, column EVENT_TIME.
ORA-01858: a non-numeric character was found where a numeric was expected

Record 23: Rejected - Error on table AD_EVENT_LOG, column EVENT_TIME.
ORA-01858: a non-numeric character was found where a numeric was expected

Record 24: Rejected - Error on table AD_EVENT_LOG, column EVENT_TIME.
ORA-01858: a non-numeric character was found where a numeric was expected

Record 25: Rejected - Error on table AD_EVENT_LOG, column EVENT_TIME.
ORA-01858: a non-numeric character was found where a numeric was expected

Record 26: Rejected - Error on table AD_EVENT_LOG, column EVENT_TIME.
ORA-01858: a non-numeric character was found where a numeric was expected

Record 27: Rejected - Error on table AD_EVENT_LOG, column EVENT_TIME.
ORA-01858: a non-numeric character was found where a numeric was expected

Record 28: Rejected - Error on table AD_EVENT_LOG, column EVENT_TIME.
ORA-01858: a non-numeric character was found where a numeric was expected

Record 29: Rejected - Error on table AD_EVENT_LOG, column EVENT_TIME.
ORA-01858: a non-numeric character was found where a numeric was expected

Record 30: Rejected - Error on table AD_EVENT_LOG, column EVENT_TIME.
ORA-01858: a non-numeric character was found where a numeric was expected

Record 31: Rejected - Error on table AD_EVENT_LOG, column EVENT_TIME.
ORA-01858: a non-numeric character was found where a numeric was expected

Record 32: Rejected - Error on table AD_EVENT_LOG, column EVENT_TIME.
ORA-01858: a non-numeric character was found where a numeric was expected

Record 33: Rejected - Error on table AD_EVENT_LOG, column EVENT_TIME.
ORA-01858: a non-numeric character was found where a numeric was expected

Record 34: Rejected - Error on table AD_EVENT_LOG, column EVENT_TIME.
ORA-01858: a non-numeric character was found where a numeric was expected

Record 35: Rejected - Error on table AD_EVENT_LOG, column EVENT_TIME.
ORA-01858: a non-numeric character was found where a numeric was expected

Record 36: Rejected - Error on table AD_EVENT_LOG, column EVENT_TIME.
ORA-01858: a non-numeric character was found where a numeric was expected

Record 37: Rejected - Error on table AD_EVENT_LOG, column EVENT_TIME.
ORA-01858: a non-numeric character was found where a numeric was expected

Record 38: Rejected - Error on table AD_EVENT_LOG, column EVENT_TIME.
ORA-01858: a non-numeric character was found where a numeric was expected

Record 39: Rejected - Error on table AD_EVENT_LOG, column EVENT_TIME.
ORA-01858: a non-numeric character was found where a numeric was expected

Record 40: Rejected - Error on table AD_EVENT_LOG, column EVENT_TIME.
ORA-01858: a non-numeric character was found where a numeric was expected

Record 41: Rejected - Error on table AD_EVENT_LOG, column EVENT_TIME.
ORA-01858: a non-numeric character was found where a numeric was expected

Record 42: Rejected - Error on table AD_EVENT_LOG, column EVENT_TIME.
ORA-01858: a non-numeric character was found where a numeric was expected

Record 43: Rejected - Error on table AD_EVENT_LOG, column EVENT_TIME.
ORA-01858: a non-numeric character was found where a numeric was expected

Record 44: Rejected - Error on table AD_EVENT_LOG, column EVENT_TIME.
ORA-01858: a non-numeric character was found where a numeric was expected

Record 45: Rejected - Error on table AD_EVENT_LOG, column EVENT_TIME.
ORA-01858: a non-numeric character was found where a numeric was expected

Record 46: Rejected - Error on table AD_EVENT_LOG, column EVENT_TIME.
ORA-01858: a non-numeric character was found where a numeric was expected

Record 47: Rejected - Error on table AD_EVENT_LOG, column EVENT_TIME.
ORA-01858: a non-numeric character was found where a numeric was expected

Record 48: Rejected - Error on table AD_EVENT_LOG, column EVENT_TIME.
ORA-01858: a non-numeric character was found where a numeric was expected

Record 49: Rejected - Error on table AD_EVENT_LOG, column EVENT_TIME.
ORA-01858: a non-numeric character was found where a numeric was expected

Record 50: Rejected - Error on table AD_EVENT_LOG, column EVENT_TIME.
ORA-01858: a non-numeric character was found where a numeric was expected

Record 51: Rejected - Error on table AD_EVENT_LOG, column EVENT_TIME.
ORA-01858: a non-numeric character was found where a numeric was expected


MAXIMUM ERROR COUNT EXCEEDED - Above statistics reflect partial run.

Table AD_EVENT_LOG:
  0 Rows successfully loaded.
  51 Rows not loaded due to data errors.
  0 Rows not loaded because all WHEN clauses were failed.
  0 Rows not loaded because all fields were null.


Space allocated for bind array:                1044900 bytes(225 rows)
Read   buffer bytes: 1048576

Total logical records skipped:          0
Total logical records read:           225
Total logical records rejected:        51
Total logical records discarded:        0

Run began on Mon Dec 01 01:06:08 2025
Run ended on Mon Dec 01 01:06:09 2025

Elapsed time was:     00:00:00.58
CPU time was:         00:00:00.07
